<?xml version="1.0" encoding="UTF-8"?>
<testng-results skipped="0" failed="0" ignored="0" total="1" passed="1">
  <reporter-output>
  </reporter-output>
  <suite name="Default suite" duration-ms="45" started-at="2020-12-29T11:12:02Z" finished-at="2020-12-29T11:12:02Z">
    <groups>
    </groups>
    <test name="Default test" duration-ms="45" started-at="2020-12-29T11:12:02Z" finished-at="2020-12-29T11:12:02Z">
      <class name="com.tests.TestCases">
        <test-method status="PASS" signature="setup()[pri:0, instance:com.tests.TestCases@724af044]" name="setup" is-config="true" duration-ms="16" started-at="2020-12-29T16:42:02Z" finished-at="2020-12-29T16:42:02Z">
          <reporter-output>
          </reporter-output>
        </test-method> <!-- setup -->
        <test-method status="PASS" signature="exit()[pri:0, instance:com.tests.TestCases@724af044]" name="exit" is-config="true" duration-ms="0" started-at="2020-12-29T16:42:02Z" finished-at="2020-12-29T16:42:02Z">
          <reporter-output>
          </reporter-output>
        </test-method> <!-- exit -->
        <test-method status="PASS" signature="test1(java.lang.String)[pri:0, instance:com.tests.TestCases@724af044]" name="test1" duration-ms="0" started-at="2020-12-29T16:42:02Z" data-provider="dataprovider" finished-at="2020-12-29T16:42:02Z">
          <params>
            <param index="0">
              <value>
                <![CDATA[TestNG]]>
              </value>
            </param>
          </params>
          <reporter-output>
          </reporter-output>
        </test-method> <!-- test1 -->
      </class> <!-- com.tests.TestCases -->
    </test> <!-- Default test -->
  </suite> <!-- Default suite -->
</testng-results>
